# JRE version: OpenJDK Runtime Environment (8.0_152-b01) (build 1.8.0_152-release-1248-b01)
# Java VM: OpenJDK 64-Bit Server VM (25.152-b01 mixed mode bsd-amd64 compressed oops)
Heap:
 PSYoungGen      total 88576K, used 73586K [0x00000007a0000000, 0x00000007a5d00000, 0x00000007c0000000)
  eden space 81920K, 89% used [0x00000007a0000000,0x00000007a47dc818,0x00000007a5000000)
  from space 6656K, 0% used [0x00000007a5680000,0x00000007a5680000,0x00000007a5d00000)
  to   space 6656K, 0% used [0x00000007a5000000,0x00000007a5000000,0x00000007a5680000)
 ParOldGen       total 75776K, used 9957K [0x0000000760000000, 0x0000000764a00000, 0x00000007a0000000)
  object space 75776K, 13% used [0x0000000760000000,0x00000007609b9760,0x0000000764a00000)
 Metaspace       used 26521K, capacity 27016K, committed 27264K, reserved 1073152K
  class space    used 3741K, capacity 3937K, committed 3968K, reserved 1048576K
GC Heap History (10 events):
Event: 1.614 GC heap before
{Heap before GC invocations=1 (full 0):
 PSYoungGen      total 47616K, used 40960K [0x00000007a0000000, 0x00000007a3500000, 0x00000007c0000000)
  eden space 40960K, 100% used [0x00000007a0000000,0x00000007a2800000,0x00000007a2800000)
  from space 6656K, 0% used [0x00000007a2e80000,0x00000007a2e80000,0x00000007a3500000)
  to   space 6656K, 0% used [0x00000007a2800000,0x00000007a2800000,0x00000007a2e80000)
 ParOldGen       total 109568K, used 0K [0x0000000760000000, 0x0000000766b00000, 0x00000007a0000000)
  object space 109568K, 0% used [0x0000000760000000,0x0000000760000000,0x0000000766b00000)
 Metaspace       used 6817K, capacity 6988K, committed 7040K, reserved 1056768K
  class space    used 834K, capacity 885K, committed 896K, reserved 1048576K
Event: 1.624 GC heap after
Heap after GC invocations=1 (full 0):
 PSYoungGen      total 47616K, used 4890K [0x00000007a0000000, 0x00000007a3500000, 0x00000007c0000000)
  eden space 40960K, 0% used [0x00000007a0000000,0x00000007a0000000,0x00000007a2800000)
  from space 6656K, 73% used [0x00000007a2800000,0x00000007a2cc68a8,0x00000007a2e80000)
  to   space 6656K, 0% used [0x00000007a2e80000,0x00000007a2e80000,0x00000007a3500000)
 ParOldGen       total 109568K, used 8K [0x0000000760000000, 0x0000000766b00000, 0x00000007a0000000)
  object space 109568K, 0% used [0x0000000760000000,0x0000000760002000,0x0000000766b00000)
 Metaspace       used 6817K, capacity 6988K, committed 7040K, reserved 1056768K
  class space    used 834K, capacity 885K, committed 896K, reserved 1048576K
}
Event: 2.549 GC heap before
{Heap before GC invocations=2 (full 0):
 PSYoungGen      total 47616K, used 45850K [0x00000007a0000000, 0x00000007a3500000, 0x00000007c0000000)
  eden space 40960K, 100% used [0x00000007a0000000,0x00000007a2800000,0x00000007a2800000)
  from space 6656K, 73% used [0x00000007a2800000,0x00000007a2cc68a8,0x00000007a2e80000)
  to   space 6656K, 0% used [0x00000007a2e80000,0x00000007a2e80000,0x00000007a3500000)
 ParOldGen       total 109568K, used 8K [0x0000000760000000, 0x0000000766b00000, 0x00000007a0000000)
  object space 109568K, 0% used [0x0000000760000000,0x0000000760002000,0x0000000766b00000)
 Metaspace       used 11880K, capacity 12272K, committed 12544K, reserved 1060864K
  class space    used 1637K, capacity 1772K, committed 1792K, reserved 1048576K
Event: 2.564 GC heap after
Heap after GC invocations=2 (full 0):
 PSYoungGen      total 47616K, used 6581K [0x00000007a0000000, 0x00000007a5d00000, 0x00000007c0000000)
  eden space 40960K, 0% used [0x00000007a0000000,0x00000007a0000000,0x00000007a2800000)
  from space 6656K, 98% used [0x00000007a2e80000,0x00000007a34ed468,0x00000007a3500000)
  to   space 6656K, 0% used [0x00000007a2800000,0x00000007a2800000,0x00000007a2e80000)
 ParOldGen       total 109568K, used 16K [0x0000000760000000, 0x0000000766b00000, 0x00000007a0000000)
  object space 109568K, 0% used [0x0000000760000000,0x0000000760004000,0x0000000766b00000)
 Metaspace       used 11880K, capacity 12272K, committed 12544K, reserved 1060864K
  class space    used 1637K, capacity 1772K, committed 1792K, reserved 1048576K
}
Event: 3.477 GC heap before
{Heap before GC invocations=3 (full 0):
 PSYoungGen      total 47616K, used 47541K [0x00000007a0000000, 0x00000007a5d00000, 0x00000007c0000000)
  eden space 40960K, 100% used [0x00000007a0000000,0x00000007a2800000,0x00000007a2800000)
  from space 6656K, 98% used [0x00000007a2e80000,0x00000007a34ed468,0x00000007a3500000)
  to   space 6656K, 0% used [0x00000007a2800000,0x00000007a2800000,0x00000007a2e80000)
 ParOldGen       total 109568K, used 16K [0x0000000760000000, 0x0000000766b00000, 0x00000007a0000000)
  object space 109568K, 0% used [0x0000000760000000,0x0000000760004000,0x0000000766b00000)
 Metaspace       used 15862K, capacity 16290K, committed 16640K, reserved 1062912K
  class space    used 2280K, capacity 2455K, committed 2560K, reserved 1048576K
Event: 3.492 GC heap after
Heap after GC invocations=3 (full 0):
 PSYoungGen      total 47616K, used 6627K [0x00000007a0000000, 0x00000007a5d00000, 0x00000007c0000000)
  eden space 40960K, 0% used [0x00000007a0000000,0x00000007a0000000,0x00000007a2800000)
  from space 6656K, 99% used [0x00000007a2800000,0x00000007a2e78db0,0x00000007a2e80000)
  to   space 6656K, 0% used [0x00000007a5680000,0x00000007a5680000,0x00000007a5d00000)
 ParOldGen       total 109568K, used 2467K [0x0000000760000000, 0x0000000766b00000, 0x00000007a0000000)
  object space 109568K, 2% used [0x0000000760000000,0x0000000760268cf8,0x0000000766b00000)
 Metaspace       used 15862K, capacity 16290K, committed 16640K, reserved 1062912K
  class space    used 2280K, capacity 2455K, committed 2560K, reserved 1048576K
}
Event: 4.593 GC heap before
{Heap before GC invocations=4 (full 0):
 PSYoungGen      total 47616K, used 45420K [0x00000007a0000000, 0x00000007a5d00000, 0x00000007c0000000)
  eden space 40960K, 94% used [0x00000007a0000000,0x00000007a25e2468,0x00000007a2800000)
  from space 6656K, 99% used [0x00000007a2800000,0x00000007a2e78db0,0x00000007a2e80000)
  to   space 6656K, 0% used [0x00000007a5680000,0x00000007a5680000,0x00000007a5d00000)
 ParOldGen       total 109568K, used 2467K [0x0000000760000000, 0x0000000766b00000, 0x00000007a0000000)
  object space 109568K, 2% used [0x0000000760000000,0x0000000760268cf8,0x0000000766b00000)
 Metaspace       used 20579K, capacity 21094K, committed 21296K, reserved 1067008K
  class space    used 2907K, capacity 3122K, committed 3200K, reserved 1048576K
Event: 4.620 GC heap after
Heap after GC invocations=4 (full 0):
 PSYoungGen      total 88576K, used 6640K [0x00000007a0000000, 0x00000007a5d00000, 0x00000007c0000000)
  eden space 81920K, 0% used [0x00000007a0000000,0x00000007a0000000,0x00000007a5000000)
  from space 6656K, 99% used [0x00000007a5680000,0x00000007a5cfc040,0x00000007a5d00000)
  to   space 6656K, 0% used [0x00000007a5000000,0x00000007a5000000,0x00000007a5680000)
 ParOldGen       total 109568K, used 6034K [0x0000000760000000, 0x0000000766b00000, 0x00000007a0000000)
  object space 109568K, 5% used [0x0000000760000000,0x00000007605e4b90,0x0000000766b00000)
 Metaspace       used 20579K, capacity 21094K, committed 21296K, reserved 1067008K
  class space    used 2907K, capacity 3122K, committed 3200K, reserved 1048576K
}
Event: 4.620 GC heap before
{Heap before GC invocations=5 (full 1):
 PSYoungGen      total 88576K, used 6640K [0x00000007a0000000, 0x00000007a5d00000, 0x00000007c0000000)
  eden space 81920K, 0% used [0x00000007a0000000,0x00000007a0000000,0x00000007a5000000)
  from space 6656K, 99% used [0x00000007a5680000,0x00000007a5cfc040,0x00000007a5d00000)
  to   space 6656K, 0% used [0x00000007a5000000,0x00000007a5000000,0x00000007a5680000)
 ParOldGen       total 109568K, used 6034K [0x0000000760000000, 0x0000000766b00000, 0x00000007a0000000)
  object space 109568K, 5% used [0x0000000760000000,0x00000007605e4b90,0x0000000766b00000)
 Metaspace       used 20579K, capacity 21094K, committed 21296K, reserved 1067008K
  class space    used 2907K, capacity 3122K, committed 3200K, reserved 1048576K
Event: 4.690 GC heap after
Heap after GC invocations=5 (full 1):
 PSYoungGen      total 88576K, used 0K [0x00000007a0000000, 0x00000007a5d00000, 0x00000007c0000000)
  eden space 81920K, 0% used [0x00000007a0000000,0x00000007a0000000,0x00000007a5000000)
  from space 6656K, 0% used [0x00000007a5680000,0x00000007a5680000,0x00000007a5d00000)
  to   space 6656K, 0% used [0x00000007a5000000,0x00000007a5000000,0x00000007a5680000)
 ParOldGen       total 75776K, used 9957K [0x0000000760000000, 0x0000000764a00000, 0x00000007a0000000)
  object space 75776K, 13% used [0x0000000760000000,0x00000007609b9760,0x0000000764a00000)
 Metaspace       used 20579K, capacity 21094K, committed 21296K, reserved 1067008K
  class space    used 2907K, capacity 3122K, committed 3200K, reserved 1048576K
}

