# JRE version: OpenJDK Runtime Environment (8.0_152-b01) (build 1.8.0_152-release-1248-b01)
# Java VM: OpenJDK 64-Bit Server VM (25.152-b01 mixed mode bsd-amd64 compressed oops)
Heap:
 PSYoungGen      total 495616K, used 73669K [0x00000007a0000000, 0x00000007c0000000, 0x00000007c0000000)
  eden space 467968K, 15% used [0x00000007a0000000,0x00000007a47f1790,0x00000007bc900000)
  from space 27648K, 0% used [0x00000007be500000,0x00000007be500000,0x00000007c0000000)
  to   space 28160K, 0% used [0x00000007bc900000,0x00000007bc900000,0x00000007be480000)
 ParOldGen       total 219136K, used 51755K [0x0000000760000000, 0x000000076d600000, 0x00000007a0000000)
  object space 219136K, 23% used [0x0000000760000000,0x000000076328af28,0x000000076d600000)
 Metaspace       used 96324K, capacity 100110K, committed 100648K, reserved 1136640K
  class space    used 12188K, capacity 12958K, committed 13104K, reserved 1048576K
GC Heap History (10 events):
Event: 48.447 GC heap before
{Heap before GC invocations=20 (full 3):
 PSYoungGen      total 488448K, used 487607K [0x00000007a0000000, 0x00000007c0000000, 0x00000007c0000000)
  eden space 465920K, 99% used [0x00000007a0000000,0x00000007bc630db0,0x00000007bc700000)
  from space 22528K, 99% used [0x00000007bea00000,0x00000007bfffcfb0,0x00000007c0000000)
  to   space 29184K, 0% used [0x00000007bc700000,0x00000007bc700000,0x00000007be380000)
 ParOldGen       total 159232K, used 65918K [0x0000000760000000, 0x0000000769b80000, 0x00000007a0000000)
  object space 159232K, 41% used [0x0000000760000000,0x000000076405f960,0x0000000769b80000)
 Metaspace       used 82335K, capacity 85432K, committed 85680K, reserved 1124352K
  class space    used 10696K, capacity 11367K, committed 11440K, reserved 1048576K
Event: 48.517 GC heap after
Heap after GC invocations=20 (full 3):
 PSYoungGen      total 495104K, used 16177K [0x00000007a0000000, 0x00000007c0000000, 0x00000007c0000000)
  eden space 465920K, 0% used [0x00000007a0000000,0x00000007a0000000,0x00000007bc700000)
  from space 29184K, 55% used [0x00000007bc700000,0x00000007bd6cc530,0x00000007be380000)
  to   space 28160K, 0% used [0x00000007be480000,0x00000007be480000,0x00000007c0000000)
 ParOldGen       total 159232K, used 76059K [0x0000000760000000, 0x0000000769b80000, 0x00000007a0000000)
  object space 159232K, 47% used [0x0000000760000000,0x0000000764a46d98,0x0000000769b80000)
 Metaspace       used 82335K, capacity 85432K, committed 85680K, reserved 1124352K
  class space    used 10696K, capacity 11367K, committed 11440K, reserved 1048576K
}
Event: 3532.449 GC heap before
{Heap before GC invocations=21 (full 3):
 PSYoungGen      total 495104K, used 481907K [0x00000007a0000000, 0x00000007c0000000, 0x00000007c0000000)
  eden space 465920K, 99% used [0x00000007a0000000,0x00000007bc6d0858,0x00000007bc700000)
  from space 29184K, 55% used [0x00000007bc700000,0x00000007bd6cc530,0x00000007be380000)
  to   space 28160K, 0% used [0x00000007be480000,0x00000007be480000,0x00000007c0000000)
 ParOldGen       total 159232K, used 76059K [0x0000000760000000, 0x0000000769b80000, 0x00000007a0000000)
  object space 159232K, 47% used [0x0000000760000000,0x0000000764a46d98,0x0000000769b80000)
 Metaspace       used 88225K, capacity 91750K, committed 91952K, reserved 1128448K
  class space    used 11277K, capacity 11978K, committed 12080K, reserved 1048576K
Event: 3532.574 GC heap after
Heap after GC invocations=21 (full 3):
 PSYoungGen      total 494080K, used 17606K [0x00000007a0000000, 0x00000007bff00000, 0x00000007c0000000)
  eden space 466944K, 0% used [0x00000007a0000000,0x00000007a0000000,0x00000007bc800000)
  from space 27136K, 64% used [0x00000007be480000,0x00000007bf5b18f0,0x00000007bff00000)
  to   space 28160K, 0% used [0x00000007bc800000,0x00000007bc800000,0x00000007be380000)
 ParOldGen       total 159232K, used 89259K [0x0000000760000000, 0x0000000769b80000, 0x00000007a0000000)
  object space 159232K, 56% used [0x0000000760000000,0x000000076572af88,0x0000000769b80000)
 Metaspace       used 88225K, capacity 91750K, committed 91952K, reserved 1128448K
  class space    used 11277K, capacity 11978K, committed 12080K, reserved 1048576K
}
Event: 3533.723 GC heap before
{Heap before GC invocations=22 (full 3):
 PSYoungGen      total 494080K, used 484302K [0x00000007a0000000, 0x00000007bff00000, 0x00000007c0000000)
  eden space 466944K, 99% used [0x00000007a0000000,0x00000007bc7c1f68,0x00000007bc800000)
  from space 27136K, 64% used [0x00000007be480000,0x00000007bf5b18f0,0x00000007bff00000)
  to   space 28160K, 0% used [0x00000007bc800000,0x00000007bc800000,0x00000007be380000)
 ParOldGen       total 159232K, used 89259K [0x0000000760000000, 0x0000000769b80000, 0x00000007a0000000)
  object space 159232K, 56% used [0x0000000760000000,0x000000076572af88,0x0000000769b80000)
 Metaspace       used 88401K, capacity 91906K, committed 92208K, reserved 1130496K
  class space    used 11278K, capacity 11980K, committed 12080K, reserved 1048576K
Event: 3533.738 GC heap after
Heap after GC invocations=22 (full 3):
 PSYoungGen      total 495104K, used 9462K [0x00000007a0000000, 0x00000007c0000000, 0x00000007c0000000)
  eden space 466944K, 0% used [0x00000007a0000000,0x00000007a0000000,0x00000007bc800000)
  from space 28160K, 33% used [0x00000007bc800000,0x00000007bd13d838,0x00000007be380000)
  to   space 27648K, 0% used [0x00000007be500000,0x00000007be500000,0x00000007c0000000)
 ParOldGen       total 159232K, used 89267K [0x0000000760000000, 0x0000000769b80000, 0x00000007a0000000)
  object space 159232K, 56% used [0x0000000760000000,0x000000076572cf88,0x0000000769b80000)
 Metaspace       used 88401K, capacity 91906K, committed 92208K, reserved 1130496K
  class space    used 11278K, capacity 11980K, committed 12080K, reserved 1048576K
}
Event: 3756.781 GC heap before
{Heap before GC invocations=23 (full 3):
 PSYoungGen      total 495104K, used 302526K [0x00000007a0000000, 0x00000007c0000000, 0x00000007c0000000)
  eden space 466944K, 62% used [0x00000007a0000000,0x00000007b1e320a8,0x00000007bc800000)
  from space 28160K, 33% used [0x00000007bc800000,0x00000007bd13d838,0x00000007be380000)
  to   space 27648K, 0% used [0x00000007be500000,0x00000007be500000,0x00000007c0000000)
 ParOldGen       total 159232K, used 89267K [0x0000000760000000, 0x0000000769b80000, 0x00000007a0000000)
  object space 159232K, 56% used [0x0000000760000000,0x000000076572cf88,0x0000000769b80000)
 Metaspace       used 94548K, capacity 98568K, committed 98600K, reserved 1134592K
  class space    used 12034K, capacity 12833K, committed 12848K, reserved 1048576K
Event: 3756.807 GC heap after
Heap after GC invocations=23 (full 3):
 PSYoungGen      total 495616K, used 18159K [0x00000007a0000000, 0x00000007c0000000, 0x00000007c0000000)
  eden space 467968K, 0% used [0x00000007a0000000,0x00000007a0000000,0x00000007bc900000)
  from space 27648K, 65% used [0x00000007be500000,0x00000007bf6bbe60,0x00000007c0000000)
  to   space 28160K, 0% used [0x00000007bc900000,0x00000007bc900000,0x00000007be480000)
 ParOldGen       total 159232K, used 89275K [0x0000000760000000, 0x0000000769b80000, 0x00000007a0000000)
  object space 159232K, 56% used [0x0000000760000000,0x000000076572ef88,0x0000000769b80000)
 Metaspace       used 94548K, capacity 98568K, committed 98600K, reserved 1134592K
  class space    used 12034K, capacity 12833K, committed 12848K, reserved 1048576K
}
Event: 3756.807 GC heap before
{Heap before GC invocations=24 (full 4):
 PSYoungGen      total 495616K, used 18159K [0x00000007a0000000, 0x00000007c0000000, 0x00000007c0000000)
  eden space 467968K, 0% used [0x00000007a0000000,0x00000007a0000000,0x00000007bc900000)
  from space 27648K, 65% used [0x00000007be500000,0x00000007bf6bbe60,0x00000007c0000000)
  to   space 28160K, 0% used [0x00000007bc900000,0x00000007bc900000,0x00000007be480000)
 ParOldGen       total 159232K, used 89275K [0x0000000760000000, 0x0000000769b80000, 0x00000007a0000000)
  object space 159232K, 56% used [0x0000000760000000,0x000000076572ef88,0x0000000769b80000)
 Metaspace       used 94548K, capacity 98568K, committed 98600K, reserved 1134592K
  class space    used 12034K, capacity 12833K, committed 12848K, reserved 1048576K
Event: 3757.188 GC heap after
Heap after GC invocations=24 (full 4):
 PSYoungGen      total 495616K, used 0K [0x00000007a0000000, 0x00000007c0000000, 0x00000007c0000000)
  eden space 467968K, 0% used [0x00000007a0000000,0x00000007a0000000,0x00000007bc900000)
  from space 27648K, 0% used [0x00000007be500000,0x00000007be500000,0x00000007c0000000)
  to   space 28160K, 0% used [0x00000007bc900000,0x00000007bc900000,0x00000007be480000)
 ParOldGen       total 219136K, used 51755K [0x0000000760000000, 0x000000076d600000, 0x00000007a0000000)
  object space 219136K, 23% used [0x0000000760000000,0x000000076328af28,0x000000076d600000)
 Metaspace       used 94037K, capacity 97550K, committed 98600K, reserved 1134592K
  class space    used 11923K, capacity 12638K, committed 12848K, reserved 1048576K
}

