# JRE version: OpenJDK Runtime Environment (8.0_152-b01) (build 1.8.0_152-release-1248-b01)
# Java VM: OpenJDK 64-Bit Server VM (25.152-b01 mixed mode bsd-amd64 compressed oops)
Heap:
 PSYoungGen      total 88576K, used 6644K [0x00000007a0000000, 0x00000007a5d00000, 0x00000007c0000000)
  eden space 81920K, 0% used [0x00000007a0000000,0x00000007a0000000,0x00000007a5000000)
  from space 6656K, 99% used [0x00000007a5680000,0x00000007a5cfd040,0x00000007a5d00000)
  to   space 6656K, 0% used [0x00000007a5000000,0x00000007a5000000,0x00000007a5680000)
 ParOldGen       total 109568K, used 5964K [0x0000000760000000, 0x0000000766b00000, 0x00000007a0000000)
  object space 109568K, 5% used [0x0000000760000000,0x00000007605d30a0,0x0000000766b00000)
 Metaspace       used 20575K, capacity 21094K, committed 21296K, reserved 1067008K
  class space    used 2907K, capacity 3122K, committed 3200K, reserved 1048576K
GC Heap History (9 events):
Event: 1.722 GC heap before
{Heap before GC invocations=1 (full 0):
 PSYoungGen      total 47616K, used 40960K [0x00000007a0000000, 0x00000007a3500000, 0x00000007c0000000)
  eden space 40960K, 100% used [0x00000007a0000000,0x00000007a2800000,0x00000007a2800000)
  from space 6656K, 0% used [0x00000007a2e80000,0x00000007a2e80000,0x00000007a3500000)
  to   space 6656K, 0% used [0x00000007a2800000,0x00000007a2800000,0x00000007a2e80000)
 ParOldGen       total 109568K, used 0K [0x0000000760000000, 0x0000000766b00000, 0x00000007a0000000)
  object space 109568K, 0% used [0x0000000760000000,0x0000000760000000,0x0000000766b00000)
 Metaspace       used 6807K, capacity 6986K, committed 7040K, reserved 1056768K
  class space    used 834K, capacity 883K, committed 896K, reserved 1048576K
Event: 1.730 GC heap after
Heap after GC invocations=1 (full 0):
 PSYoungGen      total 47616K, used 4922K [0x00000007a0000000, 0x00000007a3500000, 0x00000007c0000000)
  eden space 40960K, 0% used [0x00000007a0000000,0x00000007a0000000,0x00000007a2800000)
  from space 6656K, 73% used [0x00000007a2800000,0x00000007a2cce8a8,0x00000007a2e80000)
  to   space 6656K, 0% used [0x00000007a2e80000,0x00000007a2e80000,0x00000007a3500000)
 ParOldGen       total 109568K, used 8K [0x0000000760000000, 0x0000000766b00000, 0x00000007a0000000)
  object space 109568K, 0% used [0x0000000760000000,0x0000000760002000,0x0000000766b00000)
 Metaspace       used 6807K, capacity 6986K, committed 7040K, reserved 1056768K
  class space    used 834K, capacity 883K, committed 896K, reserved 1048576K
}
Event: 3.025 GC heap before
{Heap before GC invocations=2 (full 0):
 PSYoungGen      total 47616K, used 45882K [0x00000007a0000000, 0x00000007a3500000, 0x00000007c0000000)
  eden space 40960K, 100% used [0x00000007a0000000,0x00000007a2800000,0x00000007a2800000)
  from space 6656K, 73% used [0x00000007a2800000,0x00000007a2cce8a8,0x00000007a2e80000)
  to   space 6656K, 0% used [0x00000007a2e80000,0x00000007a2e80000,0x00000007a3500000)
 ParOldGen       total 109568K, used 8K [0x0000000760000000, 0x0000000766b00000, 0x00000007a0000000)
  object space 109568K, 0% used [0x0000000760000000,0x0000000760002000,0x0000000766b00000)
 Metaspace       used 11912K, capacity 12272K, committed 12544K, reserved 1060864K
  class space    used 1640K, capacity 1772K, committed 1792K, reserved 1048576K
Event: 3.059 GC heap after
Heap after GC invocations=2 (full 0):
 PSYoungGen      total 47616K, used 6609K [0x00000007a0000000, 0x00000007a5d00000, 0x00000007c0000000)
  eden space 40960K, 0% used [0x00000007a0000000,0x00000007a0000000,0x00000007a2800000)
  from space 6656K, 99% used [0x00000007a2e80000,0x00000007a34f44e8,0x00000007a3500000)
  to   space 6656K, 0% used [0x00000007a2800000,0x00000007a2800000,0x00000007a2e80000)
 ParOldGen       total 109568K, used 16K [0x0000000760000000, 0x0000000766b00000, 0x00000007a0000000)
  object space 109568K, 0% used [0x0000000760000000,0x0000000760004000,0x0000000766b00000)
 Metaspace       used 11912K, capacity 12272K, committed 12544K, reserved 1060864K
  class space    used 1640K, capacity 1772K, committed 1792K, reserved 1048576K
}
Event: 5.125 GC heap before
{Heap before GC invocations=3 (full 0):
 PSYoungGen      total 47616K, used 47569K [0x00000007a0000000, 0x00000007a5d00000, 0x00000007c0000000)
  eden space 40960K, 100% used [0x00000007a0000000,0x00000007a2800000,0x00000007a2800000)
  from space 6656K, 99% used [0x00000007a2e80000,0x00000007a34f44e8,0x00000007a3500000)
  to   space 6656K, 0% used [0x00000007a2800000,0x00000007a2800000,0x00000007a2e80000)
 ParOldGen       total 109568K, used 16K [0x0000000760000000, 0x0000000766b00000, 0x00000007a0000000)
  object space 109568K, 0% used [0x0000000760000000,0x0000000760004000,0x0000000766b00000)
 Metaspace       used 15866K, capacity 16290K, committed 16640K, reserved 1062912K
  class space    used 2281K, capacity 2455K, committed 2560K, reserved 1048576K
Event: 5.157 GC heap after
Heap after GC invocations=3 (full 0):
 PSYoungGen      total 47616K, used 6644K [0x00000007a0000000, 0x00000007a5d00000, 0x00000007c0000000)
  eden space 40960K, 0% used [0x00000007a0000000,0x00000007a0000000,0x00000007a2800000)
  from space 6656K, 99% used [0x00000007a2800000,0x00000007a2e7d150,0x00000007a2e80000)
  to   space 6656K, 0% used [0x00000007a5680000,0x00000007a5680000,0x00000007a5d00000)
 ParOldGen       total 109568K, used 2415K [0x0000000760000000, 0x0000000766b00000, 0x00000007a0000000)
  object space 109568K, 2% used [0x0000000760000000,0x000000076025bd80,0x0000000766b00000)
 Metaspace       used 15866K, capacity 16290K, committed 16640K, reserved 1062912K
  class space    used 2281K, capacity 2455K, committed 2560K, reserved 1048576K
}
Event: 7.141 GC heap before
{Heap before GC invocations=4 (full 0):
 PSYoungGen      total 47616K, used 45525K [0x00000007a0000000, 0x00000007a5d00000, 0x00000007c0000000)
  eden space 40960K, 94% used [0x00000007a0000000,0x00000007a25f8680,0x00000007a2800000)
  from space 6656K, 99% used [0x00000007a2800000,0x00000007a2e7d150,0x00000007a2e80000)
  to   space 6656K, 0% used [0x00000007a5680000,0x00000007a5680000,0x00000007a5d00000)
 ParOldGen       total 109568K, used 2415K [0x0000000760000000, 0x0000000766b00000, 0x00000007a0000000)
  object space 109568K, 2% used [0x0000000760000000,0x000000076025bd80,0x0000000766b00000)
 Metaspace       used 20575K, capacity 21094K, committed 21296K, reserved 1067008K
  class space    used 2907K, capacity 3122K, committed 3200K, reserved 1048576K
Event: 7.171 GC heap after
Heap after GC invocations=4 (full 0):
 PSYoungGen      total 88576K, used 6644K [0x00000007a0000000, 0x00000007a5d00000, 0x00000007c0000000)
  eden space 81920K, 0% used [0x00000007a0000000,0x00000007a0000000,0x00000007a5000000)
  from space 6656K, 99% used [0x00000007a5680000,0x00000007a5cfd040,0x00000007a5d00000)
  to   space 6656K, 0% used [0x00000007a5000000,0x00000007a5000000,0x00000007a5680000)
 ParOldGen       total 109568K, used 5964K [0x0000000760000000, 0x0000000766b00000, 0x00000007a0000000)
  object space 109568K, 5% used [0x0000000760000000,0x00000007605d30a0,0x0000000766b00000)
 Metaspace       used 20575K, capacity 21094K, committed 21296K, reserved 1067008K
  class space    used 2907K, capacity 3122K, committed 3200K, reserved 1048576K
}
Event: 7.171 GC heap before
{Heap before GC invocations=5 (full 1):
 PSYoungGen      total 88576K, used 6644K [0x00000007a0000000, 0x00000007a5d00000, 0x00000007c0000000)
  eden space 81920K, 0% used [0x00000007a0000000,0x00000007a0000000,0x00000007a5000000)
  from space 6656K, 99% used [0x00000007a5680000,0x00000007a5cfd040,0x00000007a5d00000)
  to   space 6656K, 0% used [0x00000007a5000000,0x00000007a5000000,0x00000007a5680000)
 ParOldGen       total 109568K, used 5964K [0x0000000760000000, 0x0000000766b00000, 0x00000007a0000000)
  object space 109568K, 5% used [0x0000000760000000,0x00000007605d30a0,0x0000000766b00000)
 Metaspace       used 20575K, capacity 21094K, committed 21296K, reserved 1067008K
  class space    used 2907K, capacity 3122K, committed 3200K, reserved 1048576K

